#
# There is insufficient memory for the Java Runtime Environment to continue.
# Native memory allocation (malloc) failed to allocate 1048576 bytes for AllocateHeap
# Possible reasons:
#   The system is out of physical RAM or swap space
#   In 32 bit mode, the process size limit was hit
# Possible solutions:
#   Reduce memory load on the system
#   Increase physical memory or swap space
#   Check if swap backing store is full
#   Use 64 bit Java on a 64 bit OS
#   Decrease Java heap size (-Xmx/-Xms)
#   Decrease number of Java threads
#   Decrease Java thread stack sizes (-Xss)
#   Set larger code cache with -XX:ReservedCodeCacheSize=
# This output file may be truncated or incomplete.
#
#  Out of Memory Error (memory/allocation.inline.hpp:61), pid=16708, tid=0x0000000000004418
#
# JRE version:  (8.0_144-b01) (build )
# Java VM: Java HotSpot(TM) 64-Bit Server VM (25.144-b01 mixed mode windows-amd64 compressed oops)
# Failed to write core dump. Minidumps are not enabled by default on client versions of Windows
#

---------------  T H R E A D  ---------------

Current thread (0x00000000029c0800):  JavaThread "Unknown thread" [_thread_in_vm, id=17432, stack(0x0000000002810000,0x0000000002910000)]

Stack: [0x0000000002810000,0x0000000002910000]
[error occurred during error reporting (printing stack bounds), id 0xc0000005]

Native frames: (J=compiled Java code, j=interpreted, Vv=VM code, C=native code)


---------------  P R O C E S S  ---------------

Java Threads: ( => current thread )

Other Threads:

=>0x00000000029c0800 (exited) JavaThread "Unknown thread" [_thread_in_vm, id=17432, stack(0x0000000002810000,0x0000000002910000)]

VM state:not at safepoint (normal execution)

VM Mutex/Monitor currently owned by a thread: None

Heap:
 PSYoungGen      total 16896K, used 296K [0x00000000eda00000, 0x00000000eec80000, 0x0000000100000000)
  eden space 14848K, 2% used [0x00000000eda00000,0x00000000eda4a3e0,0x00000000ee880000)
  from space 2048K, 0% used [0x00000000eea80000,0x00000000eea80000,0x00000000eec80000)
  to   space 2048K, 0% used [0x00000000ee880000,0x00000000ee880000,0x00000000eea80000)
 ParOldGen       total 38400K, used 0K [0x00000000c8e00000, 0x00000000cb380000, 0x00000000eda00000)
  object space 38400K, 0% used [0x00000000c8e00000,0x00000000c8e00000,0x00000000cb380000)
 Metaspace       used 746K, capacity 4480K, committed 4480K, reserved 1056768K
  class space    used 75K, capacity 384K, committed 384K, reserved 1048576K

Card table byte_map: [0x0000000011e80000,0x0000000012040000] byte_map_base: 0x0000000011839000

Marking Bits: (ParMarkBitMap*) 0x0000000052acd850
 Begin Bits: [0x0000000012570000, 0x0000000013338000)
 End Bits:   [0x0000000013338000, 0x0000000014100000)

Polling page: 0x0000000001090000

CodeCache: size=245760Kb used=327Kb max_used=327Kb free=245432Kb
 bounds [0x0000000002ac0000, 0x0000000002d30000, 0x0000000011ac0000]
 total_blobs=57 nmethods=0 adapters=38
 compilation: enabled

Compilation events (0 events):
No events

GC Heap History (0 events):
No events

Deoptimization events (0 events):
No events

Internal exceptions (0 events):
No events

Events (10 events):
Event: 0.070 loading class java/lang/Short
Event: 0.070 loading class java/lang/Short done
Event: 0.070 loading class java/lang/Integer
Event: 0.071 loading class java/lang/Integer done
Event: 0.071 loading class java/lang/Long
Event: 0.071 loading class java/lang/Long done
Event: 0.073 loading class java/lang/NullPointerException
Event: 0.073 loading class java/lang/NullPointerException done
Event: 0.073 loading class java/lang/ArithmeticException
Event: 0.073 loading class java/lang/ArithmeticException done


Dynamic libraries:
0x00007ff7a01f0000 - 0x00007ff7a0227000 	C:\Program Files\Java\jre1.8.0_144\bin\javaw.exe
0x00007ff8aa610000 - 0x00007ff8aa7e2000 	C:\WINDOWS\SYSTEM32\ntdll.dll
0x00007ff8a9810000 - 0x00007ff8a98bc000 	C:\WINDOWS\System32\KERNEL32.DLL
0x00007ff8a6b10000 - 0x00007ff8a6d2d000 	C:\WINDOWS\System32\KERNELBASE.dll
0x00007ff8a9fa0000 - 0x00007ff8aa042000 	C:\WINDOWS\System32\ADVAPI32.dll
0x00007ff8aa0b0000 - 0x00007ff8aa14e000 	C:\WINDOWS\System32\msvcrt.dll
0x00007ff8aa050000 - 0x00007ff8aa0a9000 	C:\WINDOWS\System32\sechost.dll
0x00007ff8a9240000 - 0x00007ff8a9361000 	C:\WINDOWS\System32\RPCRT4.dll
0x00007ff8aa1a0000 - 0x00007ff8aa305000 	C:\WINDOWS\System32\USER32.dll
0x00007ff8a7b80000 - 0x00007ff8a7b9e000 	C:\WINDOWS\System32\win32u.dll
0x00007ff8aa150000 - 0x00007ff8aa184000 	C:\WINDOWS\System32\GDI32.dll
0x00007ff8a6d80000 - 0x00007ff8a6f00000 	C:\WINDOWS\System32\gdi32full.dll
0x00007ff89cef0000 - 0x00007ff89d16a000 	C:\WINDOWS\WinSxS\amd64_microsoft.windows.common-controls_6595b64144ccf1df_6.0.14393.953_none_42151e83c686086b\COMCTL32.dll
0x00007ff8a9af0000 - 0x00007ff8a9db8000 	C:\WINDOWS\System32\combase.dll
0x00007ff8a7760000 - 0x00007ff8a7855000 	C:\WINDOWS\System32\ucrtbase.dll
0x00007ff8a6fb0000 - 0x00007ff8a701a000 	C:\WINDOWS\System32\bcryptPrimitives.dll
0x00007ff8a9a40000 - 0x00007ff8a9a6e000 	C:\WINDOWS\System32\IMM32.DLL
0x0000000050ec0000 - 0x0000000050f92000 	C:\Program Files\Java\jre1.8.0_144\bin\msvcr100.dll
0x00000000522b0000 - 0x0000000052b4d000 	C:\Program Files\Java\jre1.8.0_144\bin\server\jvm.dll
0x00007ff8aa190000 - 0x00007ff8aa198000 	C:\WINDOWS\System32\PSAPI.DLL
0x00007ff8a2f90000 - 0x00007ff8a2f9a000 	C:\WINDOWS\SYSTEM32\VERSION.dll
0x00007ff8a4d10000 - 0x00007ff8a4d33000 	C:\WINDOWS\SYSTEM32\WINMM.dll
0x00007ff896f50000 - 0x00007ff896f59000 	C:\WINDOWS\SYSTEM32\WSOCK32.dll
0x00007ff8a9a80000 - 0x00007ff8a9aea000 	C:\WINDOWS\System32\WS2_32.dll
0x00007ff8a4cb0000 - 0x00007ff8a4cdb000 	C:\WINDOWS\SYSTEM32\WINMMBASE.dll
0x00007ff8a6d30000 - 0x00007ff8a6d72000 	C:\WINDOWS\System32\cfgmgr32.dll
0x00000000522a0000 - 0x00000000522af000 	C:\Program Files\Java\jre1.8.0_144\bin\verify.dll
0x0000000052270000 - 0x0000000052299000 	C:\Program Files\Java\jre1.8.0_144\bin\java.dll
0x0000000052250000 - 0x0000000052266000 	C:\Program Files\Java\jre1.8.0_144\bin\zip.dll

VM Arguments:
jvm_args: -Dfile.encoding=Cp1252 
java_command: game.Runner
java_class_path (initial): C:\Users\lamia\git\Text-Based-Adventure\HauntedHouseExplorer\src\person\Text-Based-Adventure\HauntedHouseExplorer\bin
Launcher Type: SUN_STANDARD

Environment Variables:
PATH=C:/Program Files/Java/jre1.8.0_144/bin/server;C:/Program Files/Java/jre1.8.0_144/bin;C:/Program Files/Java/jre1.8.0_144/lib/amd64;C:\ProgramData\Oracle\Java\javapath;C:\WINDOWS\system32;C:\WINDOWS;C:\WINDOWS\System32\Wbem;C:\WINDOWS\System32\WindowsPowerShell\v1.0\;c:\Program Files (x86)\ATI Technologies\ATI.ACE\Core-Static;C:\Program Files (x86)\ATI Technologies\ATI.ACE\Core-Static;C:\Users\lamia\AppData\Roaming\Smilebox;C:\Users\lamia\AppData\Local\Microsoft\WindowsApps;C:\Users\lamia\Desktop;
USERNAME=lamia
OS=Windows_NT
PROCESSOR_IDENTIFIER=AMD64 Family 22 Model 48 Stepping 1, AuthenticAMD



---------------  S Y S T E M  ---------------

OS: Windows 10.0 , 64 bit Build 14393 (10.0.14393.1198)

CPU:total 4 (initial active 4) (4 cores per cpu, 1 threads per core) family 22 model 48 stepping 1, cmov, cx8, fxsr, mmx, sse, sse2, sse3, ssse3, sse4.1, sse4.2, popcnt, avx, aes, clmul, mmxext, 3dnowpref, lzcnt, sse4a, tsc, tscinvbit, tscinv, bmi1

Memory: 4k page, physical 3604736k(375820k free), swap 14614784k(1788k free)

vm_info: Java HotSpot(TM) 64-Bit Server VM (25.144-b01) for windows-amd64 JRE (1.8.0_144-b01), built on Jul 21 2017 21:57:33 by "java_re" with MS VC++ 10.0 (VS2010)

time: Mon Nov 06 02:45:56 2017
elapsed time: 0 seconds (0d 0h 0m 0s)

